c:\users\andrew\onedrive\desktop\8503 release  2021\csc8503\csc8503common\x64\debug\csc8503common.pdb
c:\users\andrew\onedrive\desktop\8503 release  2021\csc8503\csc8503common\x64\debug\csc8503common.idb
c:\users\andrew\onedrive\desktop\8503 release  2021\csc8503\csc8503common\x64\debug\transform.obj
c:\users\andrew\onedrive\desktop\8503 release  2021\csc8503\csc8503common\x64\debug\statetransition.obj
c:\users\andrew\onedrive\desktop\8503 release  2021\csc8503\csc8503common\x64\debug\statemachine.obj
c:\users\andrew\onedrive\desktop\8503 release  2021\csc8503\csc8503common\x64\debug\renderobject.obj
c:\users\andrew\onedrive\desktop\8503 release  2021\csc8503\csc8503common\x64\debug\quadtree.obj
c:\users\andrew\onedrive\desktop\8503 release  2021\csc8503\csc8503common\x64\debug\positionconstraint.obj
c:\users\andrew\onedrive\desktop\8503 release  2021\csc8503\csc8503common\x64\debug\physicssystem.obj
c:\users\andrew\onedrive\desktop\8503 release  2021\csc8503\csc8503common\x64\debug\physicsobject.obj
c:\users\andrew\onedrive\desktop\8503 release  2021\csc8503\csc8503common\x64\debug\navigationmesh.obj
c:\users\andrew\onedrive\desktop\8503 release  2021\csc8503\csc8503common\x64\debug\navigationgrid.obj
c:\users\andrew\onedrive\desktop\8503 release  2021\csc8503\csc8503common\x64\debug\gameworld.obj
c:\users\andrew\onedrive\desktop\8503 release  2021\csc8503\csc8503common\x64\debug\gameobject.obj
c:\users\andrew\onedrive\desktop\8503 release  2021\csc8503\csc8503common\x64\debug\debug.obj
c:\users\andrew\onedrive\desktop\8503 release  2021\csc8503\csc8503common\x64\debug\collisiondetection.obj
c:\users\andrew\onedrive\desktop\8503 release  2021\csc8503\csc8503common\x64\debug\axisconstraint.obj
c:\users\andrew\onedrive\desktop\8503 release  2021\csc8503\csc8503common\x64\debug\csc8503common.tlog\cl.command.1.tlog
c:\users\andrew\onedrive\desktop\8503 release  2021\csc8503\csc8503common\x64\debug\csc8503common.tlog\cl.read.1.tlog
c:\users\andrew\onedrive\desktop\8503 release  2021\csc8503\csc8503common\x64\debug\csc8503common.tlog\cl.write.1.tlog
