c:\users\andrew\onedrive\desktop\8503 release  2021\csc8503\gametech\x64\debug\vc142.pdb
c:\users\andrew\onedrive\desktop\8503 release  2021\csc8503\gametech\x64\debug\vc142.idb
c:\users\andrew\onedrive\desktop\8503 release  2021\csc8503\gametech\x64\debug\tutorialgame.obj
c:\users\andrew\onedrive\desktop\8503 release  2021\csc8503\gametech\x64\debug\stategameobjec.obj
c:\users\andrew\onedrive\desktop\8503 release  2021\csc8503\gametech\x64\debug\screwballgame.obj
c:\users\andrew\onedrive\desktop\8503 release  2021\csc8503\gametech\x64\debug\pusherobject.obj
c:\users\andrew\onedrive\desktop\8503 release  2021\csc8503\gametech\x64\debug\main.obj
c:\users\andrew\onedrive\desktop\8503 release  2021\csc8503\gametech\x64\debug\gametechrenderer.obj
c:\users\andrew\onedrive\desktop\8503 release  2021\csc8503\gametech\x64\debug\enemygameobject.obj
c:\users\andrew\onedrive\desktop\8503 release  2021\csc8503\gametech\x64\debug\mainmenu.obj
c:\users\andrew\onedrive\desktop\8503 release  2021\csc8503\gametech\x64\debug\level.obj
c:\users\andrew\onedrive\desktop\8503 release  2021\x64\debug\gametech.exe
c:\users\andrew\onedrive\desktop\8503 release  2021\x64\debug\gametech.ilk
c:\users\andrew\onedrive\desktop\8503 release  2021\x64\debug\gametech.pdb
c:\users\andrew\onedrive\desktop\8503 release  2021\csc8503\gametech\x64\debug\gametech.tlog\cl.command.1.tlog
c:\users\andrew\onedrive\desktop\8503 release  2021\csc8503\gametech\x64\debug\gametech.tlog\cl.read.1.tlog
c:\users\andrew\onedrive\desktop\8503 release  2021\csc8503\gametech\x64\debug\gametech.tlog\cl.write.1.tlog
c:\users\andrew\onedrive\desktop\8503 release  2021\csc8503\gametech\x64\debug\gametech.tlog\link.command.1.tlog
c:\users\andrew\onedrive\desktop\8503 release  2021\csc8503\gametech\x64\debug\gametech.tlog\link.read.1.tlog
c:\users\andrew\onedrive\desktop\8503 release  2021\csc8503\gametech\x64\debug\gametech.tlog\link.write.1.tlog
