  EnemyGameObject.cpp
  GameTechRenderer.cpp
  Level.cpp
  Main.cpp
D:\worksapce\Marbles-Game\CSC8503\GameTech\Main.cpp(85,29): warning C4244: '=': conversion from 'int' to 'float', possible loss of data
D:\worksapce\Marbles-Game\CSC8503\GameTech\Main.cpp(189,29): warning C4244: '=': conversion from 'int' to 'float', possible loss of data
D:\worksapce\Marbles-Game\CSC8503\GameTech\Main.cpp(304,12): warning C4244: 'argument': conversion from 'time_t' to 'unsigned int', possible loss of data
  MainMenu.cpp
  MazeGame.cpp
D:\worksapce\Marbles-Game\CSC8503\GameTech\MazeGame.cpp(347,52): warning C4305: 'argument': truncation from 'double' to 'float'
D:\worksapce\Marbles-Game\CSC8503\GameTech\MazeGame.cpp(353,51): warning C4305: 'argument': truncation from 'double' to 'float'
D:\worksapce\Marbles-Game\CSC8503\GameTech\MazeGame.cpp(354,50): warning C4305: 'argument': truncation from 'double' to 'float'
D:\worksapce\Marbles-Game\CSC8503\GameTech\MazeGame.cpp(356,51): warning C4305: 'argument': truncation from 'double' to 'float'
D:\worksapce\Marbles-Game\CSC8503\GameTech\MazeGame.cpp(358,48): warning C4305: 'argument': truncation from 'double' to 'float'
D:\worksapce\Marbles-Game\CSC8503\GameTech\MazeGame.cpp(358,69): warning C4305: 'argument': truncation from 'double' to 'float'
D:\worksapce\Marbles-Game\CSC8503\GameTech\MazeGame.cpp(359,50): warning C4305: 'argument': truncation from 'double' to 'float'
D:\worksapce\Marbles-Game\CSC8503\GameTech\MazeGame.cpp(360,47): warning C4305: 'argument': truncation from 'double' to 'float'
D:\worksapce\Marbles-Game\CSC8503\GameTech\MazeGame.cpp(360,70): warning C4305: 'argument': truncation from 'double' to 'float'
D:\worksapce\Marbles-Game\CSC8503\GameTech\MazeGame.cpp(361,49): warning C4305: 'argument': truncation from 'double' to 'float'
D:\worksapce\Marbles-Game\CSC8503\GameTech\MazeGame.cpp(362,49): warning C4305: 'argument': truncation from 'double' to 'float'
D:\worksapce\Marbles-Game\CSC8503\GameTech\MazeGame.cpp(363,50): warning C4305: 'argument': truncation from 'double' to 'float'
D:\worksapce\Marbles-Game\CSC8503\GameTech\MazeGame.cpp(363,72): warning C4305: 'argument': truncation from 'double' to 'float'
D:\worksapce\Marbles-Game\CSC8503\GameTech\MazeGame.cpp(364,50): warning C4305: 'argument': truncation from 'double' to 'float'
D:\worksapce\Marbles-Game\CSC8503\GameTech\MazeGame.cpp(365,50): warning C4305: 'argument': truncation from 'double' to 'float'
D:\worksapce\Marbles-Game\CSC8503\GameTech\MazeGame.cpp(365,72): warning C4305: 'argument': truncation from 'double' to 'float'
D:\worksapce\Marbles-Game\CSC8503\GameTech\MazeGame.cpp(366,52): warning C4305: 'argument': truncation from 'double' to 'float'
D:\worksapce\Marbles-Game\CSC8503\GameTech\MazeGame.cpp(366,74): warning C4305: 'argument': truncation from 'double' to 'float'
D:\worksapce\Marbles-Game\CSC8503\GameTech\MazeGame.cpp(860,38): warning C4305: 'argument': truncation from 'double' to 'float'
  PushdownMachine.cpp
  PushdownState.cpp
  PusherObject.cpp
  ScrewBallGame.cpp
D:\worksapce\Marbles-Game\CSC8503\GameTech\ScrewBallGame.cpp(370,51): warning C4305: 'argument': truncation from 'double' to 'float'
D:\worksapce\Marbles-Game\CSC8503\GameTech\ScrewBallGame.cpp(371,50): warning C4305: 'argument': truncation from 'double' to 'float'
D:\worksapce\Marbles-Game\CSC8503\GameTech\ScrewBallGame.cpp(373,51): warning C4305: 'argument': truncation from 'double' to 'float'
D:\worksapce\Marbles-Game\CSC8503\GameTech\ScrewBallGame.cpp(375,48): warning C4305: 'argument': truncation from 'double' to 'float'
D:\worksapce\Marbles-Game\CSC8503\GameTech\ScrewBallGame.cpp(375,69): warning C4305: 'argument': truncation from 'double' to 'float'
D:\worksapce\Marbles-Game\CSC8503\GameTech\ScrewBallGame.cpp(376,50): warning C4305: 'argument': truncation from 'double' to 'float'
D:\worksapce\Marbles-Game\CSC8503\GameTech\ScrewBallGame.cpp(377,47): warning C4305: 'argument': truncation from 'double' to 'float'
D:\worksapce\Marbles-Game\CSC8503\GameTech\ScrewBallGame.cpp(377,70): warning C4305: 'argument': truncation from 'double' to 'float'
D:\worksapce\Marbles-Game\CSC8503\GameTech\ScrewBallGame.cpp(378,49): warning C4305: 'argument': truncation from 'double' to 'float'
D:\worksapce\Marbles-Game\CSC8503\GameTech\ScrewBallGame.cpp(379,49): warning C4305: 'argument': truncation from 'double' to 'float'
D:\worksapce\Marbles-Game\CSC8503\GameTech\ScrewBallGame.cpp(380,50): warning C4305: 'argument': truncation from 'double' to 'float'
D:\worksapce\Marbles-Game\CSC8503\GameTech\ScrewBallGame.cpp(380,72): warning C4305: 'argument': truncation from 'double' to 'float'
D:\worksapce\Marbles-Game\CSC8503\GameTech\ScrewBallGame.cpp(381,50): warning C4305: 'argument': truncation from 'double' to 'float'
D:\worksapce\Marbles-Game\CSC8503\GameTech\ScrewBallGame.cpp(382,50): warning C4305: 'argument': truncation from 'double' to 'float'
D:\worksapce\Marbles-Game\CSC8503\GameTech\ScrewBallGame.cpp(382,72): warning C4305: 'argument': truncation from 'double' to 'float'
D:\worksapce\Marbles-Game\CSC8503\GameTech\ScrewBallGame.cpp(383,52): warning C4305: 'argument': truncation from 'double' to 'float'
D:\worksapce\Marbles-Game\CSC8503\GameTech\ScrewBallGame.cpp(383,74): warning C4305: 'argument': truncation from 'double' to 'float'
D:\worksapce\Marbles-Game\CSC8503\GameTech\ScrewBallGame.cpp(385,43): warning C4305: 'argument': truncation from 'double' to 'float'
D:\worksapce\Marbles-Game\CSC8503\GameTech\ScrewBallGame.cpp(881,38): warning C4305: 'argument': truncation from 'double' to 'float'
  StateGameObjec.cpp
  TutorialGame.cpp
  Generating Code...
  LINK : D:\worksapce\Marbles-Game\x64\Debug\GameTech.exe not found or not built by the last incremental link; performing full link
  GameTech.vcxproj -> D:\worksapce\Marbles-Game\x64\Debug\GameTech.exe
